c:\users\barai\source\repos\jsheehan_ca2\jsheehan_ca2\x64\debug\vc143.pdb
c:\users\barai\source\repos\jsheehan_ca2\jsheehan_ca2\x64\debug\vc143.idb
c:\users\barai\source\repos\jsheehan_ca2\jsheehan_ca2\x64\debug\window.obj
c:\users\barai\source\repos\jsheehan_ca2\jsheehan_ca2\x64\debug\tilemap.obj
c:\users\barai\source\repos\jsheehan_ca2\jsheehan_ca2\x64\debug\texturemanager.obj
c:\users\barai\source\repos\jsheehan_ca2\jsheehan_ca2\x64\debug\spritecmpt.obj
c:\users\barai\source\repos\jsheehan_ca2\jsheehan_ca2\x64\debug\readableinfocmpt.obj
c:\users\barai\source\repos\jsheehan_ca2\jsheehan_ca2\x64\debug\physicscmpt.obj
c:\users\barai\source\repos\jsheehan_ca2\jsheehan_ca2\x64\debug\object.obj
c:\users\barai\source\repos\jsheehan_ca2\jsheehan_ca2\x64\debug\movecmpt.obj
c:\users\barai\source\repos\jsheehan_ca2\jsheehan_ca2\x64\debug\main.obj
c:\users\barai\source\repos\jsheehan_ca2\jsheehan_ca2\x64\debug\inputcontrollercmpt.obj
c:\users\barai\source\repos\jsheehan_ca2\jsheehan_ca2\x64\debug\graphicscmpt.obj
c:\users\barai\source\repos\jsheehan_ca2\jsheehan_ca2\x64\debug\game.obj
c:\users\barai\source\repos\jsheehan_ca2\jsheehan_ca2\x64\debug\component.obj
c:\users\barai\source\repos\jsheehan_ca2\jsheehan_ca2\x64\debug\collidecmpt.obj
c:\users\barai\source\repos\jsheehan_ca2\jsheehan_ca2\x64\debug\animatedspritecmpt.obj
c:\users\barai\source\repos\jsheehan_ca2\jsheehan_ca2\x64\debug\aicmpt.obj
c:\users\barai\source\repos\jsheehan_ca2\jsheehan_ca2\x64\debug\jsheehan_ca2.ilk
c:\users\barai\source\repos\jsheehan_ca2\x64\debug\jsheehan_ca2.exe
c:\users\barai\source\repos\jsheehan_ca2\x64\debug\jsheehan_ca2.pdb
c:\users\barai\source\repos\jsheehan_ca2\jsheehan_ca2\x64\debug\jsheehan_ca2.tlog\cl.command.1.tlog
c:\users\barai\source\repos\jsheehan_ca2\jsheehan_ca2\x64\debug\jsheehan_ca2.tlog\cl.read.1.tlog
c:\users\barai\source\repos\jsheehan_ca2\jsheehan_ca2\x64\debug\jsheehan_ca2.tlog\cl.write.1.tlog
c:\users\barai\source\repos\jsheehan_ca2\jsheehan_ca2\x64\debug\jsheehan_ca2.tlog\link.command.1.tlog
c:\users\barai\source\repos\jsheehan_ca2\jsheehan_ca2\x64\debug\jsheehan_ca2.tlog\link.read.1.tlog
c:\users\barai\source\repos\jsheehan_ca2\jsheehan_ca2\x64\debug\jsheehan_ca2.tlog\link.write.1.tlog
